<?xml version="1.0" encoding="utf-8"?>
<shfbBuild product="Sandcastle Help File Builder and Tools" version="2024.12.21.0" projectFile="C:\Users\avish\Desktop\test\test.shfbproj" started="1/15/2025 3:24:10 PM">
<buildStep step="Initializing">
The Sandcastle tools are located in &#39;C:\Program Files (x86)\EWSoftware\Sandcastle Help File Builder&#39;
Locating components in the following folder(s):
    C:\Users\avish\Desktop\test
    C:\ProgramData\EWSoftware\Sandcastle Help File Builder\Components and Plug-Ins
    C:\Program Files (x86)\EWSoftware\Sandcastle Help File Builder\Components
Using framework reflection data for &#39;.NET Core/.NET Standard/.NET 5.0+&#39; located in &#39;C:\Program Files (x86)\EWSoftware\Sandcastle Help File Builder\Data\.NET&#39;
Using presentation style &#39;Default2022&#39; located in &#39;C:\Program Files (x86)\EWSoftware\Sandcastle Help File Builder\Components\Default2022&#39;
Loading and initializing plug-ins...
Website Table of Contents Generator Version 2024.12.21.0
Copyright &#169; 2006-2024, Eric Woodruff, All Rights Reserved
-------------------------------
Clearing any prior web/markdown output...
</buildStep>
<buildStep step="ValidatingDocumentationSources">
Validating and copying documentation source information
Source: C:\Users\avish\source\repos\ase-demo-assignment-avisheksah21\TEST_ASE\bin\Debug\net8.0-windows\TEST_ASE.dll
    Found assembly &#39;C:\Users\avish\source\repos\ase-demo-assignment-avisheksah21\TEST_ASE\bin\Debug\net8.0-windows\TEST_ASE.dll&#39;
Source: C:\Users\avish\source\repos\ase-demo-assignment-avisheksah21\TEST_ASE\bin\Debug\net8.0-windows\TEST_ASE.xml

Copying XML comments files
    C:\Users\avish\source\repos\ase-demo-assignment-avisheksah21\TEST_ASE\bin\Debug\net8.0-windows\TEST_ASE.xml -&gt; C:\Users\avish\Desktop\test\Help\Working\TEST_ASE.xml
</buildStep>
<buildStep step="GenerateSharedContent">
Generating shared content files (en-US, English (United States))...
    Last step completed in 00:00:00.0000
</buildStep>
<buildStep step="GenerateApiFilter">
Generating API filter for MRefBuilder...
    Last step completed in 00:00:00.0125
</buildStep>
<buildStep step="GenerateReflectionInfo">
Generating reflection information...
[C:\Program Files\Microsoft Visual Studio\2022\Community\MSBuild\Current\Bin\amd64\MSBuild.exe - GenerateRefInfo-7188d526-608d-423a-8cb2-14459be09439.proj]
Build started 1/15/2025 3:24:10 PM.

Project &quot;C:\Users\avish\Desktop\test\Help\Working\GenerateRefInfo-7188d526-608d-423a-8cb2-14459be09439.proj&quot; on node 1 (default targets).
PrepareForBuild:
  Creating directory &quot;obj\Debug\&quot;.
GenerateRefInfo:
  Microsoft.Build (v17.12.12+1cce77968bca1366760f361c837ffbc3a6af70f0)
  c Microsoft Corporation. All rights reserved.
  No source code context base path specified.  Source context information is unavailable.
  Loaded 1 assemblies for reflection and 1 dependency assemblies.
  Wrote information on 1 namespaces, 7 types, and 46 members
  Merging duplicate type and member information
  Merged 0 duplicate type(s) and 0 duplicate member(s)
Done Building Project &quot;C:\Users\avish\Desktop\test\Help\Working\GenerateRefInfo-7188d526-608d-423a-8cb2-14459be09439.proj&quot; (default targets).
    Last step completed in 00:00:00.5221
</buildStep>
<buildStep step="ApplyDocumentModel">
Applying document model to reflection output...
    Last step completed in 00:00:00.0161
</buildStep>
<buildStep step="AddApiTopicFilenames">
Adding topic filenames to API members...
    Last step completed in 00:00:00.0248
</buildStep>
<buildStep step="GenerateApiTopicManifest">
Generating API topic manifest...
    Last step completed in 00:00:00.0072
</buildStep>
<buildStep step="GenerateNamespaceSummaries">
Generating namespace summary information...
    Last step completed in 00:00:00.0179
</buildStep>
<buildStep step="CopyAdditionalContent">
Copying additional content files...
No additional content to copy
    Last step completed in 00:00:00.0000
</buildStep>
<buildStep step="MergeTablesOfContents">
Merging conceptual and additional tables of contents...
    Last step completed in 00:00:00.0000
</buildStep>
<buildStep step="GenerateIntermediateTableOfContents">
Generating intermediate table of contents file for API content...
Generating conceptual content intermediate TOC file...
    Last step completed in 00:00:00.0140
</buildStep>
<buildStep step="CreateBuildAssemblerConfigs">
Creating Sandcastle configuration files...
    Last step completed in 00:00:00.0653
</buildStep>
<buildStep step="CombiningIntermediateTocFiles">
Combining conceptual and API intermediate TOC files...
    Last step completed in 00:00:00.0000
</buildStep>
<buildStep step="MergeCustomConfigs">
Merging custom build component configurations
C:\Users\avish\Desktop\test\Help\Working\BuildAssembler.config
  Updating reference topic configurations.
  No conceptual content.  Removing conceptual content components.
    Last step completed in 00:00:00.0139
</buildStep>
<buildStep step="BuildTopics">
Building help topics...
<plugIn name="Website Table of Contents Generator" behavior="Before" priority="1000">
Loading TOC info and adding unique IDs to parent nodes
</plugIn>Loading configuration...
Processing topics...
SHFB: Warning BE0066: ResolveReferenceLinksComponent: [N:TEST_ASE] Unknown reference link target &#39;T:ASE_Assignement.AppCanvas&#39;.
SHFB: Warning BE0066: ResolveReferenceLinksComponent: [F:TEST_ASE.AdvanceFeature_Test.canvas] Unknown reference link target &#39;T:ASE_Assignement.AppCanvas&#39;.
SHFB: Warning BE0066: ResolveReferenceLinksComponent: [F:TEST_ASE.AdvanceFeature_Test.parser] Unknown reference link target &#39;T:BOOSE.Parser&#39;.
SHFB: Warning BE0066: ResolveReferenceLinksComponent: [F:TEST_ASE.AdvanceFeature_Test.program] Unknown reference link target &#39;T:BOOSE.StoredProgram&#39;.
SHFB: Warning BE0066: ResolveReferenceLinksComponent: [T:TEST_ASE.CanvasTests] Unknown reference link target &#39;T:ASE_Assignement.AppCanvas&#39;.
SHFB: Warning BE0066: ResolveReferenceLinksComponent: [T:TEST_ASE.CanvasTests] Unknown reference link target &#39;T:ASE_Assignement.AppCanvas&#39;.
SHFB: Warning BE0066: ResolveReferenceLinksComponent: [T:TEST_ASE.CanvasTests] Unknown reference link target &#39;M:ASE_Assignement.AppCanvas.DrawTo(System.Int32,System.Int32)&#39;.
SHFB: Warning BE0066: ResolveReferenceLinksComponent: [T:TEST_ASE.CanvasTests] Unknown reference link target &#39;M:ASE_Assignement.AppCanvas.DrawTo(System.Int32,System.Int32)&#39;.
SHFB: Warning BE0066: ResolveReferenceLinksComponent: [T:TEST_ASE.CanvasTests] Unknown reference link target &#39;M:ASE_Assignement.AppCanvas.MoveTo(System.Int32,System.Int32)&#39;.
SHFB: Warning BE0066: ResolveReferenceLinksComponent: [T:TEST_ASE.CanvasTests] Unknown reference link target &#39;M:ASE_Assignement.AppCanvas.MoveTo(System.Int32,System.Int32)&#39;.
SHFB: Warning BE0066: ResolveReferenceLinksComponent: [Methods.T:TEST_ASE.CanvasTests] Unknown reference link target &#39;T:ASE_Assignement.AppCanvas&#39;.
SHFB: Warning BE0066: ResolveReferenceLinksComponent: [Methods.T:TEST_ASE.CanvasTests] Unknown reference link target &#39;M:ASE_Assignement.AppCanvas.DrawTo(System.Int32,System.Int32)&#39;.
SHFB: Warning BE0066: ResolveReferenceLinksComponent: [Methods.T:TEST_ASE.CanvasTests] Unknown reference link target &#39;M:ASE_Assignement.AppCanvas.DrawTo(System.Int32,System.Int32)&#39;.
SHFB: Warning BE0066: ResolveReferenceLinksComponent: [Methods.T:TEST_ASE.CanvasTests] Unknown reference link target &#39;M:ASE_Assignement.AppCanvas.MoveTo(System.Int32,System.Int32)&#39;.
SHFB: Warning BE0066: ResolveReferenceLinksComponent: [Methods.T:TEST_ASE.CanvasTests] Unknown reference link target &#39;M:ASE_Assignement.AppCanvas.MoveTo(System.Int32,System.Int32)&#39;.
SHFB: Warning BE0066: ResolveReferenceLinksComponent: [F:TEST_ASE.CanvasTests.Canvas] Unknown reference link target &#39;T:ASE_Assignement.AppCanvas&#39;.
SHFB: Warning BE0066: ResolveReferenceLinksComponent: [M:TEST_ASE.CanvasTests.Setup] Unknown reference link target &#39;T:ASE_Assignement.AppCanvas&#39;.
SHFB: Warning BE0066: ResolveReferenceLinksComponent: [M:TEST_ASE.CanvasTests.Test_DrawTo_Invalid] Unknown reference link target &#39;M:ASE_Assignement.AppCanvas.DrawTo(System.Int32,System.Int32)&#39;.
SHFB: Warning BE0066: ResolveReferenceLinksComponent: [M:TEST_ASE.CanvasTests.Test_DrawTo_Valid] Unknown reference link target &#39;M:ASE_Assignement.AppCanvas.DrawTo(System.Int32,System.Int32)&#39;.
SHFB: Warning BE0066: ResolveReferenceLinksComponent: [M:TEST_ASE.CanvasTests.Test_MoveTo_Invalid] Unknown reference link target &#39;M:ASE_Assignement.AppCanvas.MoveTo(System.Int32,System.Int32)&#39;.
SHFB: Warning BE0066: ResolveReferenceLinksComponent: [M:TEST_ASE.CanvasTests.Test_MoveTo_Valid] Unknown reference link target &#39;M:ASE_Assignement.AppCanvas.MoveTo(System.Int32,System.Int32)&#39;.
SHFB: Warning BE0066: ResolveReferenceLinksComponent: [F:TEST_ASE.forStatement.canvas] Unknown reference link target &#39;T:ASE_Assignement.AppCanvas&#39;.
SHFB: Warning BE0066: ResolveReferenceLinksComponent: [F:TEST_ASE.forStatement.parser] Unknown reference link target &#39;T:BOOSE.Parser&#39;.
SHFB: Warning BE0066: ResolveReferenceLinksComponent: [F:TEST_ASE.forStatement.program] Unknown reference link target &#39;T:BOOSE.StoredProgram&#39;.
SHFB: Warning BE0066: ResolveReferenceLinksComponent: [F:TEST_ASE.IfStatement.canvas] Unknown reference link target &#39;T:ASE_Assignement.AppCanvas&#39;.
SHFB: Warning BE0066: ResolveReferenceLinksComponent: [F:TEST_ASE.IfStatement.parser] Unknown reference link target &#39;T:BOOSE.Parser&#39;.
SHFB: Warning BE0066: ResolveReferenceLinksComponent: [F:TEST_ASE.IfStatement.program] Unknown reference link target &#39;T:BOOSE.StoredProgram&#39;.
SHFB: Warning BE0066: ResolveReferenceLinksComponent: [F:TEST_ASE.Methods.canvas] Unknown reference link target &#39;T:ASE_Assignement.AppCanvas&#39;.
SHFB: Warning BE0066: ResolveReferenceLinksComponent: [F:TEST_ASE.Methods.parser] Unknown reference link target &#39;T:BOOSE.Parser&#39;.
SHFB: Warning BE0066: ResolveReferenceLinksComponent: [F:TEST_ASE.Methods.program] Unknown reference link target &#39;T:BOOSE.StoredProgram&#39;.
SHFB: Warning BE0066: ResolveReferenceLinksComponent: [F:TEST_ASE.MultilineProgramTests.canvas] Unknown reference link target &#39;T:ASE_Assignement.AppCanvas&#39;.
SHFB: Warning BE0066: ResolveReferenceLinksComponent: [F:TEST_ASE.MultilineProgramTests.parser] Unknown reference link target &#39;T:BOOSE.Parser&#39;.
SHFB: Warning BE0066: ResolveReferenceLinksComponent: [F:TEST_ASE.MultilineProgramTests.program] Unknown reference link target &#39;T:BOOSE.StoredProgram&#39;.
SHFB: Warning BE0066: ResolveReferenceLinksComponent: [F:TEST_ASE.whileStatement.canvas] Unknown reference link target &#39;T:ASE_Assignement.AppCanvas&#39;.
SHFB: Warning BE0066: ResolveReferenceLinksComponent: [F:TEST_ASE.whileStatement.parser] Unknown reference link target &#39;T:BOOSE.Parser&#39;.
SHFB: Warning BE0066: ResolveReferenceLinksComponent: [F:TEST_ASE.whileStatement.program] Unknown reference link target &#39;T:BOOSE.StoredProgram&#39;.
Processed 68 topic(s)
36 warning(s)
CopyFromIndexComponent: &quot;reflection&quot; in-memory cache entries used: 1 of 15.
CopyFromIndexComponent: &quot;comments&quot; in-memory cache entries used: 2 of 30.
<plugIn name="Website Table of Contents Generator" behavior="After" priority="1000">
Generating TOC fragment files
</plugIn>    Last step completed in 00:00:02.0024
</buildStep>
<buildStep step="CopyStandardHelpContent">
Copying standard help content...
C:\Program Files (x86)\EWSoftware\Sandcastle Help File Builder\Components\Default2022\css\bulma.css -&gt; C:\Users\avish\Desktop\test\Help\Working\Output\Website\css\bulma.css
C:\Program Files (x86)\EWSoftware\Sandcastle Help File Builder\Components\Default2022\css\bulma.css.map -&gt; C:\Users\avish\Desktop\test\Help\Working\Output\Website\css\bulma.css.map
C:\Program Files (x86)\EWSoftware\Sandcastle Help File Builder\Components\Default2022\css\bulma.min.css -&gt; C:\Users\avish\Desktop\test\Help\Working\Output\Website\css\bulma.min.css
C:\Program Files (x86)\EWSoftware\Sandcastle Help File Builder\Components\Default2022\css\font-awesome.css -&gt; C:\Users\avish\Desktop\test\Help\Working\Output\Website\css\font-awesome.css
C:\Program Files (x86)\EWSoftware\Sandcastle Help File Builder\Components\Default2022\css\font-awesome.min.css -&gt; C:\Users\avish\Desktop\test\Help\Working\Output\Website\css\font-awesome.min.css
C:\Program Files (x86)\EWSoftware\Sandcastle Help File Builder\Components\Default2022\css\ja-JP.css -&gt; C:\Users\avish\Desktop\test\Help\Working\Output\Website\css\ja-JP.css
C:\Program Files (x86)\EWSoftware\Sandcastle Help File Builder\Components\Default2022\css\ko-KR.css -&gt; C:\Users\avish\Desktop\test\Help\Working\Output\Website\css\ko-KR.css
C:\Program Files (x86)\EWSoftware\Sandcastle Help File Builder\Components\Default2022\css\presentationStyle.css -&gt; C:\Users\avish\Desktop\test\Help\Working\Output\Website\css\presentationStyle.css
C:\Program Files (x86)\EWSoftware\Sandcastle Help File Builder\Components\Default2022\css\vs.min.css -&gt; C:\Users\avish\Desktop\test\Help\Working\Output\Website\css\vs.min.css
C:\Program Files (x86)\EWSoftware\Sandcastle Help File Builder\Components\Default2022\css\zh-CN.css -&gt; C:\Users\avish\Desktop\test\Help\Working\Output\Website\css\zh-CN.css
C:\Program Files (x86)\EWSoftware\Sandcastle Help File Builder\Components\Default2022\css\zh-TW.css -&gt; C:\Users\avish\Desktop\test\Help\Working\Output\Website\css\zh-TW.css
C:\Program Files (x86)\EWSoftware\Sandcastle Help File Builder\Components\Default2022\icons\favicon.ico -&gt; C:\Users\avish\Desktop\test\Help\Working\Output\Website\icons\favicon.ico
C:\Program Files (x86)\EWSoftware\Sandcastle Help File Builder\Components\Default2022\scripts\clipboard.min.js -&gt; C:\Users\avish\Desktop\test\Help\Working\Output\Website\scripts\clipboard.min.js
C:\Program Files (x86)\EWSoftware\Sandcastle Help File Builder\Components\Default2022\scripts\highlight.min.js -&gt; C:\Users\avish\Desktop\test\Help\Working\Output\Website\scripts\highlight.min.js
C:\Program Files (x86)\EWSoftware\Sandcastle Help File Builder\Components\Default2022\scripts\jquery-3.5.1.min.js -&gt; C:\Users\avish\Desktop\test\Help\Working\Output\Website\scripts\jquery-3.5.1.min.js
C:\Program Files (x86)\EWSoftware\Sandcastle Help File Builder\Components\Default2022\scripts\presentationStyle.js -&gt; C:\Users\avish\Desktop\test\Help\Working\Output\Website\scripts\presentationStyle.js
C:\Program Files (x86)\EWSoftware\Sandcastle Help File Builder\Components\Default2022\webfonts\fa-brands-400.ttf -&gt; C:\Users\avish\Desktop\test\Help\Working\Output\Website\webfonts\fa-brands-400.ttf
C:\Program Files (x86)\EWSoftware\Sandcastle Help File Builder\Components\Default2022\webfonts\fa-brands-400.woff2 -&gt; C:\Users\avish\Desktop\test\Help\Working\Output\Website\webfonts\fa-brands-400.woff2
C:\Program Files (x86)\EWSoftware\Sandcastle Help File Builder\Components\Default2022\webfonts\fa-regular-400.ttf -&gt; C:\Users\avish\Desktop\test\Help\Working\Output\Website\webfonts\fa-regular-400.ttf
C:\Program Files (x86)\EWSoftware\Sandcastle Help File Builder\Components\Default2022\webfonts\fa-regular-400.woff2 -&gt; C:\Users\avish\Desktop\test\Help\Working\Output\Website\webfonts\fa-regular-400.woff2
C:\Program Files (x86)\EWSoftware\Sandcastle Help File Builder\Components\Default2022\webfonts\fa-solid-900.ttf -&gt; C:\Users\avish\Desktop\test\Help\Working\Output\Website\webfonts\fa-solid-900.ttf
C:\Program Files (x86)\EWSoftware\Sandcastle Help File Builder\Components\Default2022\webfonts\fa-solid-900.woff2 -&gt; C:\Users\avish\Desktop\test\Help\Working\Output\Website\webfonts\fa-solid-900.woff2
C:\Program Files (x86)\EWSoftware\Sandcastle Help File Builder\Components\Default2022\webfonts\fa-v4compatibility.ttf -&gt; C:\Users\avish\Desktop\test\Help\Working\Output\Website\webfonts\fa-v4compatibility.ttf
C:\Program Files (x86)\EWSoftware\Sandcastle Help File Builder\Components\Default2022\webfonts\fa-v4compatibility.woff2 -&gt; C:\Users\avish\Desktop\test\Help\Working\Output\Website\webfonts\fa-v4compatibility.woff2
C:\Program Files (x86)\EWSoftware\Sandcastle Help File Builder\Components\Default2022\RootWebsiteContent\GeneralError.html -&gt; C:\Users\avish\Desktop\test\Help\Working\Output\Website\GeneralError.html
C:\Program Files (x86)\EWSoftware\Sandcastle Help File Builder\Components\Default2022\RootWebsiteContent\index.html -&gt; C:\Users\avish\Desktop\test\Help\Working\Output\Website\index.html
C:\Program Files (x86)\EWSoftware\Sandcastle Help File Builder\Components\Default2022\RootWebsiteContent\PageNotFound.html -&gt; C:\Users\avish\Desktop\test\Help\Working\Output\Website\PageNotFound.html
C:\Program Files (x86)\EWSoftware\Sandcastle Help File Builder\Components\Default2022\RootWebsiteContent\search.html -&gt; C:\Users\avish\Desktop\test\Help\Working\Output\Website\search.html
C:\Program Files (x86)\EWSoftware\Sandcastle Help File Builder\Components\Default2022\RootWebsiteContent\SearchHelp.aspx -&gt; C:\Users\avish\Desktop\test\Help\Working\Output\Website\SearchHelp.aspx
C:\Program Files (x86)\EWSoftware\Sandcastle Help File Builder\Components\Default2022\RootWebsiteContent\SearchHelp.inc.php -&gt; C:\Users\avish\Desktop\test\Help\Working\Output\Website\SearchHelp.inc.php
C:\Program Files (x86)\EWSoftware\Sandcastle Help File Builder\Components\Default2022\RootWebsiteContent\SearchHelp.php -&gt; C:\Users\avish\Desktop\test\Help\Working\Output\Website\SearchHelp.php
C:\Program Files (x86)\EWSoftware\Sandcastle Help File Builder\Components\Default2022\RootWebsiteContent\Web.Config -&gt; C:\Users\avish\Desktop\test\Help\Working\Output\Website\Web.Config
    Last step completed in 00:00:00.0463
</buildStep>
<buildStep step="GenerateFullTextIndex">
Generating full-text index for the website...

    Last step completed in 00:00:00.0703
</buildStep>
<buildStep step="CopyingWebsiteFiles">
Copying website files to output folder...

Copied 144 files for the website content
    Last step completed in 00:00:00.1595
</buildStep>
<buildStep step="CleanIntermediates">
Removing intermediate files...
    Last step completed in 00:00:00.0161
</buildStep>
<buildStep step="Completed">

Build completed successfully at 1/15/2025 3:24:13 PM.  Total time: 00:00:03.3937

</buildStep>
</shfbBuild>
